# JRE version: Java(TM) SE Runtime Environment (8.0_161-b12) (build 1.8.0_161-b12)
# Java VM: Java HotSpot(TM) 64-Bit Server VM (25.161-b12 mixed mode bsd-amd64 compressed oops)
Heap:
 PSYoungGen      total 449536K, used 384584K [0x000000076ab00000, 0x0000000790280000, 0x00000007c0000000)
  eden space 327168K, 82% used [0x000000076ab00000,0x000000077b1272e8,0x000000077ea80000)
  from space 122368K, 94% used [0x0000000787a00000,0x000000078eb6b010,0x000000078f180000)
  to   space 143360K, 0% used [0x000000077ea80000,0x000000077ea80000,0x0000000787680000)
 ParOldGen       total 570880K, used 274223K [0x00000006c0000000, 0x00000006e2d80000, 0x000000076ab00000)
  object space 570880K, 48% used [0x00000006c0000000,0x00000006d0bcbc30,0x00000006e2d80000)
 Metaspace       used 7561K, capacity 7706K, committed 7808K, reserved 1056768K
  class space    used 809K, capacity 818K, committed 896K, reserved 1048576K
GC Heap History (10 events):
Event: 1.499 GC heap before
{Heap before GC invocations=4 (full 0):
 PSYoungGen      total 141824K, used 141803K [0x000000076ab00000, 0x000000077c000000, 0x00000007c0000000)
  eden space 131072K, 100% used [0x000000076ab00000,0x0000000772b00000,0x0000000772b00000)
  from space 10752K, 99% used [0x0000000772b00000,0x000000077357ad68,0x0000000773580000)
  to   space 10752K, 0% used [0x000000077b580000,0x000000077b580000,0x000000077c000000)
 ParOldGen       total 175104K, used 97875K [0x00000006c0000000, 0x00000006cab00000, 0x000000076ab00000)
  object space 175104K, 55% used [0x00000006c0000000,0x00000006c5f94f80,0x00000006cab00000)
 Metaspace       used 4019K, capacity 4960K, committed 5120K, reserved 1056768K
  class space    used 435K, capacity 464K, committed 512K, reserved 1048576K
Event: 1.628 GC heap after
Heap after GC invocations=4 (full 0):
 PSYoungGen      total 272896K, used 10720K [0x000000076ab00000, 0x000000077c000000, 0x00000007c0000000)
  eden space 262144K, 0% used [0x000000076ab00000,0x000000076ab00000,0x000000077ab00000)
  from space 10752K, 99% used [0x000000077b580000,0x000000077bff8108,0x000000077c000000)
  to   space 10752K, 0% used [0x000000077ab00000,0x000000077ab00000,0x000000077b580000)
 ParOldGen       total 175104K, used 154627K [0x00000006c0000000, 0x00000006cab00000, 0x000000076ab00000)
  object space 175104K, 88% used [0x00000006c0000000,0x00000006c9700f80,0x00000006cab00000)
 Metaspace       used 4019K, capacity 4960K, committed 5120K, reserved 1056768K
  class space    used 435K, capacity 464K, committed 512K, reserved 1048576K
}
Event: 1.628 GC heap before
{Heap before GC invocations=5 (full 1):
 PSYoungGen      total 272896K, used 10720K [0x000000076ab00000, 0x000000077c000000, 0x00000007c0000000)
  eden space 262144K, 0% used [0x000000076ab00000,0x000000076ab00000,0x000000077ab00000)
  from space 10752K, 99% used [0x000000077b580000,0x000000077bff8108,0x000000077c000000)
  to   space 10752K, 0% used [0x000000077ab00000,0x000000077ab00000,0x000000077b580000)
 ParOldGen       total 175104K, used 154627K [0x00000006c0000000, 0x00000006cab00000, 0x000000076ab00000)
  object space 175104K, 88% used [0x00000006c0000000,0x00000006c9700f80,0x00000006cab00000)
 Metaspace       used 4019K, capacity 4960K, committed 5120K, reserved 1056768K
  class space    used 435K, capacity 464K, committed 512K, reserved 1048576K
Event: 2.459 GC heap after
Heap after GC invocations=5 (full 1):
 PSYoungGen      total 272896K, used 0K [0x000000076ab00000, 0x000000077c000000, 0x00000007c0000000)
  eden space 262144K, 0% used [0x000000076ab00000,0x000000076ab00000,0x000000077ab00000)
  from space 10752K, 0% used [0x000000077b580000,0x000000077b580000,0x000000077c000000)
  to   space 10752K, 0% used [0x000000077ab00000,0x000000077ab00000,0x000000077b580000)
 ParOldGen       total 346624K, used 163825K [0x00000006c0000000, 0x00000006d5280000, 0x000000076ab00000)
  object space 346624K, 47% used [0x00000006c0000000,0x00000006c9ffc4c0,0x00000006d5280000)
 Metaspace       used 4019K, capacity 4960K, committed 5120K, reserved 1056768K
  class space    used 435K, capacity 464K, committed 512K, reserved 1048576K
}
Event: 2.739 GC heap before
{Heap before GC invocations=6 (full 1):
 PSYoungGen      total 272896K, used 262144K [0x000000076ab00000, 0x000000077c000000, 0x00000007c0000000)
  eden space 262144K, 100% used [0x000000076ab00000,0x000000077ab00000,0x000000077ab00000)
  from space 10752K, 0% used [0x000000077b580000,0x000000077b580000,0x000000077c000000)
  to   space 10752K, 0% used [0x000000077ab00000,0x000000077ab00000,0x000000077b580000)
 ParOldGen       total 346624K, used 163825K [0x00000006c0000000, 0x00000006d5280000, 0x000000076ab00000)
  object space 346624K, 47% used [0x00000006c0000000,0x00000006c9ffc4c0,0x00000006d5280000)
 Metaspace       used 4019K, capacity 4960K, committed 5120K, reserved 1056768K
  class space    used 435K, capacity 464K, committed 512K, reserved 1048576K
Event: 2.823 GC heap after
Heap after GC invocations=6 (full 1):
 PSYoungGen      total 272896K, used 10749K [0x000000076ab00000, 0x000000078f180000, 0x00000007c0000000)
  eden space 262144K, 0% used [0x000000076ab00000,0x000000076ab00000,0x000000077ab00000)
  from space 10752K, 99% used [0x000000077ab00000,0x000000077b57f568,0x000000077b580000)
  to   space 122368K, 0% used [0x0000000787a00000,0x0000000787a00000,0x000000078f180000)
 ParOldGen       total 346624K, used 265289K [0x00000006c0000000, 0x00000006d5280000, 0x000000076ab00000)
  object space 346624K, 76% used [0x00000006c0000000,0x00000006d03124c0,0x00000006d5280000)
 Metaspace       used 4019K, capacity 4960K, committed 5120K, reserved 1056768K
  class space    used 435K, capacity 464K, committed 512K, reserved 1048576K
}
Event: 2.823 GC heap before
{Heap before GC invocations=7 (full 2):
 PSYoungGen      total 272896K, used 10749K [0x000000076ab00000, 0x000000078f180000, 0x00000007c0000000)
  eden space 262144K, 0% used [0x000000076ab00000,0x000000076ab00000,0x000000077ab00000)
  from space 10752K, 99% used [0x000000077ab00000,0x000000077b57f568,0x000000077b580000)
  to   space 122368K, 0% used [0x0000000787a00000,0x0000000787a00000,0x000000078f180000)
 ParOldGen       total 346624K, used 265289K [0x00000006c0000000, 0x00000006d5280000, 0x000000076ab00000)
  object space 346624K, 76% used [0x00000006c0000000,0x00000006d03124c0,0x00000006d5280000)
 Metaspace       used 4019K, capacity 4960K, committed 5120K, reserved 1056768K
  class space    used 435K, capacity 464K, committed 512K, reserved 1048576K
Event: 3.517 GC heap after
Heap after GC invocations=7 (full 2):
 PSYoungGen      total 272896K, used 0K [0x000000076ab00000, 0x000000078f180000, 0x00000007c0000000)
  eden space 262144K, 0% used [0x000000076ab00000,0x000000076ab00000,0x000000077ab00000)
  from space 10752K, 0% used [0x000000077ab00000,0x000000077ab00000,0x000000077b580000)
  to   space 122368K, 0% used [0x0000000787a00000,0x0000000787a00000,0x000000078f180000)
 ParOldGen       total 570880K, used 274223K [0x00000006c0000000, 0x00000006e2d80000, 0x000000076ab00000)
  object space 570880K, 48% used [0x00000006c0000000,0x00000006d0bcbc30,0x00000006e2d80000)
 Metaspace       used 4019K, capacity 4960K, committed 5120K, reserved 1056768K
  class space    used 435K, capacity 464K, committed 512K, reserved 1048576K
}
Event: 3.741 GC heap before
{Heap before GC invocations=8 (full 2):
 PSYoungGen      total 272896K, used 262144K [0x000000076ab00000, 0x000000078f180000, 0x00000007c0000000)
  eden space 262144K, 100% used [0x000000076ab00000,0x000000077ab00000,0x000000077ab00000)
  from space 10752K, 0% used [0x000000077ab00000,0x000000077ab00000,0x000000077b580000)
  to   space 122368K, 0% used [0x0000000787a00000,0x0000000787a00000,0x000000078f180000)
 ParOldGen       total 570880K, used 274223K [0x00000006c0000000, 0x00000006e2d80000, 0x000000076ab00000)
  object space 570880K, 48% used [0x00000006c0000000,0x00000006d0bcbc30,0x00000006e2d80000)
 Metaspace       used 4019K, capacity 4960K, committed 5120K, reserved 1056768K
  class space    used 435K, capacity 464K, committed 512K, reserved 1048576K
Event: 3.872 GC heap after
Heap after GC invocations=8 (full 2):
 PSYoungGen      total 449536K, used 116140K [0x000000076ab00000, 0x0000000790280000, 0x00000007c0000000)
  eden space 327168K, 0% used [0x000000076ab00000,0x000000076ab00000,0x000000077ea80000)
  from space 122368K, 94% used [0x0000000787a00000,0x000000078eb6b010,0x000000078f180000)
  to   space 143360K, 0% used [0x000000077ea80000,0x000000077ea80000,0x0000000787680000)
 ParOldGen       total 570880K, used 274223K [0x00000006c0000000, 0x00000006e2d80000, 0x000000076ab00000)
  object space 570880K, 48% used [0x00000006c0000000,0x00000006d0bcbc30,0x00000006e2d80000)
 Metaspace       used 4019K, capacity 4960K, committed 5120K, reserved 1056768K
  class space    used 435K, capacity 464K, committed 512K, reserved 1048576K
}

