# JRE version: Java(TM) SE Runtime Environment (8.0_161-b12) (build 1.8.0_161-b12)
# Java VM: Java HotSpot(TM) 64-Bit Server VM (25.161-b12 mixed mode bsd-amd64 compressed oops)
Heap:
 PSYoungGen      total 443392K, used 385912K [0x000000076ab00000, 0x000000078fc80000, 0x00000007c0000000)
  eden space 321024K, 84% used [0x000000076ab00000,0x000000077b2731e8,0x000000077e480000)
  from space 122368K, 94% used [0x0000000787280000,0x000000078e3eb010,0x000000078ea00000)
  to   space 143360K, 0% used [0x000000077e480000,0x000000077e480000,0x0000000787080000)
 ParOldGen       total 576512K, used 274151K [0x00000006c0000000, 0x00000006e3300000, 0x000000076ab00000)
  object space 576512K, 47% used [0x00000006c0000000,0x00000006d0bb9d10,0x00000006e3300000)
 Metaspace       used 7469K, capacity 7642K, committed 7808K, reserved 1056768K
  class space    used 794K, capacity 818K, committed 896K, reserved 1048576K
GC Heap History (10 events):
Event: 1.433 GC heap before
{Heap before GC invocations=4 (full 0):
 PSYoungGen      total 141824K, used 141803K [0x000000076ab00000, 0x000000077c000000, 0x00000007c0000000)
  eden space 131072K, 100% used [0x000000076ab00000,0x0000000772b00000,0x0000000772b00000)
  from space 10752K, 99% used [0x0000000772b00000,0x000000077357ad68,0x0000000773580000)
  to   space 10752K, 0% used [0x000000077b580000,0x000000077b580000,0x000000077c000000)
 ParOldGen       total 175104K, used 97819K [0x00000006c0000000, 0x00000006cab00000, 0x000000076ab00000)
  object space 175104K, 55% used [0x00000006c0000000,0x00000006c5f86f80,0x00000006cab00000)
 Metaspace       used 4021K, capacity 4960K, committed 5120K, reserved 1056768K
  class space    used 435K, capacity 464K, committed 512K, reserved 1048576K
Event: 1.495 GC heap after
Heap after GC invocations=4 (full 0):
 PSYoungGen      total 272896K, used 10736K [0x000000076ab00000, 0x000000077c000000, 0x00000007c0000000)
  eden space 262144K, 0% used [0x000000076ab00000,0x000000076ab00000,0x000000077ab00000)
  from space 10752K, 99% used [0x000000077b580000,0x000000077bffc118,0x000000077c000000)
  to   space 10752K, 0% used [0x000000077ab00000,0x000000077ab00000,0x000000077b580000)
 ParOldGen       total 175104K, used 154555K [0x00000006c0000000, 0x00000006cab00000, 0x000000076ab00000)
  object space 175104K, 88% used [0x00000006c0000000,0x00000006c96eef80,0x00000006cab00000)
 Metaspace       used 4021K, capacity 4960K, committed 5120K, reserved 1056768K
  class space    used 435K, capacity 464K, committed 512K, reserved 1048576K
}
Event: 1.495 GC heap before
{Heap before GC invocations=5 (full 1):
 PSYoungGen      total 272896K, used 10736K [0x000000076ab00000, 0x000000077c000000, 0x00000007c0000000)
  eden space 262144K, 0% used [0x000000076ab00000,0x000000076ab00000,0x000000077ab00000)
  from space 10752K, 99% used [0x000000077b580000,0x000000077bffc118,0x000000077c000000)
  to   space 10752K, 0% used [0x000000077ab00000,0x000000077ab00000,0x000000077b580000)
 ParOldGen       total 175104K, used 154555K [0x00000006c0000000, 0x00000006cab00000, 0x000000076ab00000)
  object space 175104K, 88% used [0x00000006c0000000,0x00000006c96eef80,0x00000006cab00000)
 Metaspace       used 4021K, capacity 4960K, committed 5120K, reserved 1056768K
  class space    used 435K, capacity 464K, committed 512K, reserved 1048576K
Event: 2.309 GC heap after
Heap after GC invocations=5 (full 1):
 PSYoungGen      total 272896K, used 0K [0x000000076ab00000, 0x000000077c000000, 0x00000007c0000000)
  eden space 262144K, 0% used [0x000000076ab00000,0x000000076ab00000,0x000000077ab00000)
  from space 10752K, 0% used [0x000000077b580000,0x000000077b580000,0x000000077c000000)
  to   space 10752K, 0% used [0x000000077ab00000,0x000000077ab00000,0x000000077b580000)
 ParOldGen       total 348672K, used 163752K [0x00000006c0000000, 0x00000006d5480000, 0x000000076ab00000)
  object space 348672K, 46% used [0x00000006c0000000,0x00000006c9fea0c8,0x00000006d5480000)
 Metaspace       used 4021K, capacity 4960K, committed 5120K, reserved 1056768K
  class space    used 435K, capacity 464K, committed 512K, reserved 1048576K
}
Event: 2.580 GC heap before
{Heap before GC invocations=6 (full 1):
 PSYoungGen      total 272896K, used 262144K [0x000000076ab00000, 0x000000077c000000, 0x00000007c0000000)
  eden space 262144K, 100% used [0x000000076ab00000,0x000000077ab00000,0x000000077ab00000)
  from space 10752K, 0% used [0x000000077b580000,0x000000077b580000,0x000000077c000000)
  to   space 10752K, 0% used [0x000000077ab00000,0x000000077ab00000,0x000000077b580000)
 ParOldGen       total 348672K, used 163752K [0x00000006c0000000, 0x00000006d5480000, 0x000000076ab00000)
  object space 348672K, 46% used [0x00000006c0000000,0x00000006c9fea0c8,0x00000006d5480000)
 Metaspace       used 4021K, capacity 4960K, committed 5120K, reserved 1056768K
  class space    used 435K, capacity 464K, committed 512K, reserved 1048576K
Event: 2.678 GC heap after
Heap after GC invocations=6 (full 1):
 PSYoungGen      total 272896K, used 10749K [0x000000076ab00000, 0x000000078ea00000, 0x00000007c0000000)
  eden space 262144K, 0% used [0x000000076ab00000,0x000000076ab00000,0x000000077ab00000)
  from space 10752K, 99% used [0x000000077ab00000,0x000000077b57f568,0x000000077b580000)
  to   space 122368K, 0% used [0x0000000787280000,0x0000000787280000,0x000000078ea00000)
 ParOldGen       total 348672K, used 265208K [0x00000006c0000000, 0x00000006d5480000, 0x000000076ab00000)
  object space 348672K, 76% used [0x00000006c0000000,0x00000006d02fe0c8,0x00000006d5480000)
 Metaspace       used 4021K, capacity 4960K, committed 5120K, reserved 1056768K
  class space    used 435K, capacity 464K, committed 512K, reserved 1048576K
}
Event: 2.678 GC heap before
{Heap before GC invocations=7 (full 2):
 PSYoungGen      total 272896K, used 10749K [0x000000076ab00000, 0x000000078ea00000, 0x00000007c0000000)
  eden space 262144K, 0% used [0x000000076ab00000,0x000000076ab00000,0x000000077ab00000)
  from space 10752K, 99% used [0x000000077ab00000,0x000000077b57f568,0x000000077b580000)
  to   space 122368K, 0% used [0x0000000787280000,0x0000000787280000,0x000000078ea00000)
 ParOldGen       total 348672K, used 265208K [0x00000006c0000000, 0x00000006d5480000, 0x000000076ab00000)
  object space 348672K, 76% used [0x00000006c0000000,0x00000006d02fe0c8,0x00000006d5480000)
 Metaspace       used 4021K, capacity 4960K, committed 5120K, reserved 1056768K
  class space    used 435K, capacity 464K, committed 512K, reserved 1048576K
Event: 3.369 GC heap after
Heap after GC invocations=7 (full 2):
 PSYoungGen      total 272896K, used 0K [0x000000076ab00000, 0x000000078ea00000, 0x00000007c0000000)
  eden space 262144K, 0% used [0x000000076ab00000,0x000000076ab00000,0x000000077ab00000)
  from space 10752K, 0% used [0x000000077ab00000,0x000000077ab00000,0x000000077b580000)
  to   space 122368K, 0% used [0x0000000787280000,0x0000000787280000,0x000000078ea00000)
 ParOldGen       total 576512K, used 274151K [0x00000006c0000000, 0x00000006e3300000, 0x000000076ab00000)
  object space 576512K, 47% used [0x00000006c0000000,0x00000006d0bb9d10,0x00000006e3300000)
 Metaspace       used 4021K, capacity 4960K, committed 5120K, reserved 1056768K
  class space    used 435K, capacity 464K, committed 512K, reserved 1048576K
}
Event: 3.570 GC heap before
{Heap before GC invocations=8 (full 2):
 PSYoungGen      total 272896K, used 262144K [0x000000076ab00000, 0x000000078ea00000, 0x00000007c0000000)
  eden space 262144K, 100% used [0x000000076ab00000,0x000000077ab00000,0x000000077ab00000)
  from space 10752K, 0% used [0x000000077ab00000,0x000000077ab00000,0x000000077b580000)
  to   space 122368K, 0% used [0x0000000787280000,0x0000000787280000,0x000000078ea00000)
 ParOldGen       total 576512K, used 274151K [0x00000006c0000000, 0x00000006e3300000, 0x000000076ab00000)
  object space 576512K, 47% used [0x00000006c0000000,0x00000006d0bb9d10,0x00000006e3300000)
 Metaspace       used 4021K, capacity 4960K, committed 5120K, reserved 1056768K
  class space    used 435K, capacity 464K, committed 512K, reserved 1048576K
Event: 3.665 GC heap after
Heap after GC invocations=8 (full 2):
 PSYoungGen      total 443392K, used 116140K [0x000000076ab00000, 0x000000078fc80000, 0x00000007c0000000)
  eden space 321024K, 0% used [0x000000076ab00000,0x000000076ab00000,0x000000077e480000)
  from space 122368K, 94% used [0x0000000787280000,0x000000078e3eb010,0x000000078ea00000)
  to   space 143360K, 0% used [0x000000077e480000,0x000000077e480000,0x0000000787080000)
 ParOldGen       total 576512K, used 274151K [0x00000006c0000000, 0x00000006e3300000, 0x000000076ab00000)
  object space 576512K, 47% used [0x00000006c0000000,0x00000006d0bb9d10,0x00000006e3300000)
 Metaspace       used 4021K, capacity 4960K, committed 5120K, reserved 1056768K
  class space    used 435K, capacity 464K, committed 512K, reserved 1048576K
}

